2022-11-24 14:06:20,371 [Worker-7: Loading available Gradle versions] INFO  o.e.b.c.i.u.g.PublishedGradleVersions - Gradle version information cache is up-to-date. Trying to read.
2022-11-24 14:09:01,361 [Worker-4: Loading available Gradle versions] INFO  o.e.b.c.i.u.g.PublishedGradleVersions - Gradle version information cache is up-to-date. Trying to read.
2022-12-05 12:55:31,853 [Worker-4: Loading available Gradle versions] INFO  o.e.b.c.i.u.g.PublishedGradleVersions - Gradle version information cache is out-of-date. Trying to update.
2022-12-05 12:56:21,947 [Worker-6: Loading available Gradle versions] INFO  o.e.b.c.i.u.g.PublishedGradleVersions - Gradle version information cache is up-to-date. Trying to read.
2022-12-05 13:21:43,794 [Worker-0: Loading available Gradle versions] INFO  o.e.b.c.i.u.g.PublishedGradleVersions - Gradle version information cache is up-to-date. Trying to read.
2022-12-05 14:13:07,459 [Worker-35: Debug Source Lookup] INFO  o.e.m.c.i.e.AbstractTransferListenerAdapter - Downloading https://repo.maven.apache.org/maven2/org/hibernate/hibernate-c3p0/3.6.8.Final/hibernate-c3p0-3.6.8.Final-sources.jar
2022-12-05 14:13:07,459 [Worker-39: Label Job] INFO  o.e.m.c.i.e.AbstractTransferListenerAdapter - Downloading https://repo.maven.apache.org/maven2/org/hibernate/hibernate-c3p0/3.6.8.Final/hibernate-c3p0-3.6.8.Final-sources.jar
2022-12-05 14:13:07,577 [Worker-35: Debug Source Lookup] INFO  o.e.m.c.i.e.AbstractTransferListenerAdapter - Downloaded https://repo.maven.apache.org/maven2/org/hibernate/hibernate-c3p0/3.6.8.Final/hibernate-c3p0-3.6.8.Final-sources.jar
2022-12-05 14:13:07,580 [Worker-39: Label Job] INFO  o.e.m.c.i.e.AbstractTransferListenerAdapter - Downloaded https://repo.maven.apache.org/maven2/org/hibernate/hibernate-c3p0/3.6.8.Final/hibernate-c3p0-3.6.8.Final-sources.jar
2022-12-05 14:13:07,739 [Worker-39: Label Job] INFO  o.e.m.c.i.e.AbstractTransferListenerAdapter - Downloading https://repo.maven.apache.org/maven2/org/hibernate/hibernate-entitymanager/3.6.8.Final/hibernate-entitymanager-3.6.8.Final-sources.jar
2022-12-05 14:13:07,740 [Worker-35: Debug Source Lookup] INFO  o.e.m.c.i.e.AbstractTransferListenerAdapter - Downloading https://repo.maven.apache.org/maven2/org/hibernate/hibernate-entitymanager/3.6.8.Final/hibernate-entitymanager-3.6.8.Final-sources.jar
2022-12-05 14:13:07,889 [Worker-39: Label Job] INFO  o.e.m.c.i.e.AbstractTransferListenerAdapter - Downloaded https://repo.maven.apache.org/maven2/org/hibernate/hibernate-entitymanager/3.6.8.Final/hibernate-entitymanager-3.6.8.Final-sources.jar
2022-12-05 14:13:07,892 [Worker-35: Debug Source Lookup] INFO  o.e.m.c.i.e.AbstractTransferListenerAdapter - Downloaded https://repo.maven.apache.org/maven2/org/hibernate/hibernate-entitymanager/3.6.8.Final/hibernate-entitymanager-3.6.8.Final-sources.jar
2022-12-05 14:13:08,023 [Worker-39: Label Job] INFO  o.e.m.c.i.e.AbstractTransferListenerAdapter - Downloading https://repo.maven.apache.org/maven2/org/hibernate/hibernate-testing/3.6.8.Final/hibernate-testing-3.6.8.Final-sources.jar
2022-12-05 14:13:08,034 [Worker-35: Debug Source Lookup] INFO  o.e.m.c.i.e.AbstractTransferListenerAdapter - Downloading https://repo.maven.apache.org/maven2/org/hibernate/hibernate-testing/3.6.8.Final/hibernate-testing-3.6.8.Final-sources.jar
2022-12-05 14:13:08,247 [Worker-35: Debug Source Lookup] INFO  o.e.m.c.i.e.AbstractTransferListenerAdapter - Downloaded https://repo.maven.apache.org/maven2/org/hibernate/hibernate-testing/3.6.8.Final/hibernate-testing-3.6.8.Final-sources.jar
2022-12-05 14:13:08,363 [Worker-39: Label Job] INFO  o.e.m.c.i.e.AbstractTransferListenerAdapter - Downloaded https://repo.maven.apache.org/maven2/org/hibernate/hibernate-testing/3.6.8.Final/hibernate-testing-3.6.8.Final-sources.jar
2022-12-05 14:13:08,400 [Worker-35: Debug Source Lookup] INFO  o.e.m.c.i.e.AbstractTransferListenerAdapter - Downloading https://repo.maven.apache.org/maven2/org/hibernate/hibernate-proxool/3.6.8.Final/hibernate-proxool-3.6.8.Final-sources.jar
2022-12-05 14:13:08,417 [Worker-39: Label Job] INFO  o.e.m.c.i.e.AbstractTransferListenerAdapter - Downloading https://repo.maven.apache.org/maven2/org/hibernate/hibernate-proxool/3.6.8.Final/hibernate-proxool-3.6.8.Final-sources.jar
2022-12-05 14:13:08,590 [Worker-39: Label Job] INFO  o.e.m.c.i.e.AbstractTransferListenerAdapter - Downloaded https://repo.maven.apache.org/maven2/org/hibernate/hibernate-proxool/3.6.8.Final/hibernate-proxool-3.6.8.Final-sources.jar
2022-12-05 14:13:08,595 [Worker-35: Debug Source Lookup] INFO  o.e.m.c.i.e.AbstractTransferListenerAdapter - Downloaded https://repo.maven.apache.org/maven2/org/hibernate/hibernate-proxool/3.6.8.Final/hibernate-proxool-3.6.8.Final-sources.jar
2022-12-05 14:13:08,878 [Worker-35: Debug Source Lookup] INFO  o.e.m.c.i.e.AbstractTransferListenerAdapter - Downloading https://repo.maven.apache.org/maven2/org/hibernate/hibernate-oscache/3.6.8.Final/hibernate-oscache-3.6.8.Final-sources.jar
2022-12-05 14:13:08,878 [Worker-39: Label Job] INFO  o.e.m.c.i.e.AbstractTransferListenerAdapter - Downloading https://repo.maven.apache.org/maven2/org/hibernate/hibernate-oscache/3.6.8.Final/hibernate-oscache-3.6.8.Final-sources.jar
2022-12-05 14:13:09,014 [Worker-35: Debug Source Lookup] INFO  o.e.m.c.i.e.AbstractTransferListenerAdapter - Downloaded https://repo.maven.apache.org/maven2/org/hibernate/hibernate-oscache/3.6.8.Final/hibernate-oscache-3.6.8.Final-sources.jar
2022-12-05 14:13:09,018 [Worker-39: Label Job] INFO  o.e.m.c.i.e.AbstractTransferListenerAdapter - Downloaded https://repo.maven.apache.org/maven2/org/hibernate/hibernate-oscache/3.6.8.Final/hibernate-oscache-3.6.8.Final-sources.jar
2022-12-05 14:13:09,133 [Worker-39: Label Job] INFO  o.e.m.c.i.e.AbstractTransferListenerAdapter - Downloading https://repo.maven.apache.org/maven2/org/hibernate/hibernate-ehcache/3.6.8.Final/hibernate-ehcache-3.6.8.Final-sources.jar
2022-12-05 14:13:09,138 [Worker-35: Debug Source Lookup] INFO  o.e.m.c.i.e.AbstractTransferListenerAdapter - Downloading https://repo.maven.apache.org/maven2/org/hibernate/hibernate-ehcache/3.6.8.Final/hibernate-ehcache-3.6.8.Final-sources.jar
2022-12-05 14:13:09,277 [Worker-35: Debug Source Lookup] INFO  o.e.m.c.i.e.AbstractTransferListenerAdapter - Downloaded https://repo.maven.apache.org/maven2/org/hibernate/hibernate-ehcache/3.6.8.Final/hibernate-ehcache-3.6.8.Final-sources.jar
2022-12-05 14:13:09,322 [Worker-39: Label Job] INFO  o.e.m.c.i.e.AbstractTransferListenerAdapter - Downloaded https://repo.maven.apache.org/maven2/org/hibernate/hibernate-ehcache/3.6.8.Final/hibernate-ehcache-3.6.8.Final-sources.jar
2022-12-05 14:13:09,511 [Worker-35: Debug Source Lookup] INFO  o.e.m.c.i.e.AbstractTransferListenerAdapter - Downloading https://repo.maven.apache.org/maven2/org/hibernate/hibernate-swarmcache/3.6.8.Final/hibernate-swarmcache-3.6.8.Final-sources.jar
2022-12-05 14:13:09,511 [Worker-39: Label Job] INFO  o.e.m.c.i.e.AbstractTransferListenerAdapter - Downloading https://repo.maven.apache.org/maven2/org/hibernate/hibernate-swarmcache/3.6.8.Final/hibernate-swarmcache-3.6.8.Final-sources.jar
2022-12-05 14:13:09,640 [Worker-35: Debug Source Lookup] INFO  o.e.m.c.i.e.AbstractTransferListenerAdapter - Downloaded https://repo.maven.apache.org/maven2/org/hibernate/hibernate-swarmcache/3.6.8.Final/hibernate-swarmcache-3.6.8.Final-sources.jar
2022-12-05 14:13:09,644 [Worker-39: Label Job] INFO  o.e.m.c.i.e.AbstractTransferListenerAdapter - Downloaded https://repo.maven.apache.org/maven2/org/hibernate/hibernate-swarmcache/3.6.8.Final/hibernate-swarmcache-3.6.8.Final-sources.jar
2022-12-05 14:13:09,783 [Worker-35: Debug Source Lookup] INFO  o.e.m.c.i.e.AbstractTransferListenerAdapter - Downloading https://repo.maven.apache.org/maven2/org/hibernate/hibernate-envers/3.6.8.Final/hibernate-envers-3.6.8.Final-sources.jar
2022-12-05 14:13:09,783 [Worker-39: Label Job] INFO  o.e.m.c.i.e.AbstractTransferListenerAdapter - Downloading https://repo.maven.apache.org/maven2/org/hibernate/hibernate-envers/3.6.8.Final/hibernate-envers-3.6.8.Final-sources.jar
2022-12-05 14:13:09,960 [Worker-39: Label Job] INFO  o.e.m.c.i.e.AbstractTransferListenerAdapter - Downloaded https://repo.maven.apache.org/maven2/org/hibernate/hibernate-envers/3.6.8.Final/hibernate-envers-3.6.8.Final-sources.jar
2022-12-05 14:13:09,963 [Worker-35: Debug Source Lookup] INFO  o.e.m.c.i.e.AbstractTransferListenerAdapter - Downloaded https://repo.maven.apache.org/maven2/org/hibernate/hibernate-envers/3.6.8.Final/hibernate-envers-3.6.8.Final-sources.jar
2022-12-05 14:13:10,095 [Worker-39: Label Job] INFO  o.e.m.c.i.e.AbstractTransferListenerAdapter - Downloading https://repo.maven.apache.org/maven2/org/hibernate/hibernate-jbosscache/3.6.8.Final/hibernate-jbosscache-3.6.8.Final-sources.jar
2022-12-05 14:13:10,102 [Worker-35: Debug Source Lookup] INFO  o.e.m.c.i.e.AbstractTransferListenerAdapter - Downloading https://repo.maven.apache.org/maven2/org/hibernate/hibernate-jbosscache/3.6.8.Final/hibernate-jbosscache-3.6.8.Final-sources.jar
2022-12-05 14:13:10,223 [Worker-39: Label Job] INFO  o.e.m.c.i.e.AbstractTransferListenerAdapter - Downloaded https://repo.maven.apache.org/maven2/org/hibernate/hibernate-jbosscache/3.6.8.Final/hibernate-jbosscache-3.6.8.Final-sources.jar
2022-12-05 14:13:10,224 [Worker-35: Debug Source Lookup] INFO  o.e.m.c.i.e.AbstractTransferListenerAdapter - Downloaded https://repo.maven.apache.org/maven2/org/hibernate/hibernate-jbosscache/3.6.8.Final/hibernate-jbosscache-3.6.8.Final-sources.jar
2022-12-05 14:13:10,283 [Worker-39: Label Job] INFO  o.e.m.c.i.e.AbstractTransferListenerAdapter - Downloading https://repo.maven.apache.org/maven2/org/hibernate/hibernate-commons-annotations/3.2.0.Final/hibernate-commons-annotations-3.2.0.Final-sources.jar
2022-12-05 14:13:10,302 [Worker-35: Debug Source Lookup] INFO  o.e.m.c.i.e.AbstractTransferListenerAdapter - Downloading https://repo.maven.apache.org/maven2/org/hibernate/hibernate-commons-annotations/3.2.0.Final/hibernate-commons-annotations-3.2.0.Final-sources.jar
2022-12-05 14:13:10,335 [Worker-39: Label Job] INFO  o.e.m.c.i.e.AbstractTransferListenerAdapter - Downloaded https://repo.maven.apache.org/maven2/org/hibernate/hibernate-commons-annotations/3.2.0.Final/hibernate-commons-annotations-3.2.0.Final-sources.jar
2022-12-05 14:13:10,343 [Worker-35: Debug Source Lookup] INFO  o.e.m.c.i.e.AbstractTransferListenerAdapter - Downloaded https://repo.maven.apache.org/maven2/org/hibernate/hibernate-commons-annotations/3.2.0.Final/hibernate-commons-annotations-3.2.0.Final-sources.jar
2022-12-05 14:13:10,470 [Worker-35: Debug Source Lookup] INFO  o.e.m.c.i.e.AbstractTransferListenerAdapter - Downloading https://repo.maven.apache.org/maven2/org/hibernate/hibernate-infinispan/3.6.8.Final/hibernate-infinispan-3.6.8.Final-sources.jar
2022-12-05 14:13:10,471 [Worker-39: Label Job] INFO  o.e.m.c.i.e.AbstractTransferListenerAdapter - Downloading https://repo.maven.apache.org/maven2/org/hibernate/hibernate-infinispan/3.6.8.Final/hibernate-infinispan-3.6.8.Final-sources.jar
2022-12-05 14:13:10,738 [Worker-35: Debug Source Lookup] INFO  o.e.m.c.i.e.AbstractTransferListenerAdapter - Downloaded https://repo.maven.apache.org/maven2/org/hibernate/hibernate-infinispan/3.6.8.Final/hibernate-infinispan-3.6.8.Final-sources.jar
2022-12-05 14:13:10,853 [Worker-39: Label Job] INFO  o.e.m.c.i.e.AbstractTransferListenerAdapter - Downloaded https://repo.maven.apache.org/maven2/org/hibernate/hibernate-infinispan/3.6.8.Final/hibernate-infinispan-3.6.8.Final-sources.jar
2022-12-05 14:13:11,274 [Worker-39: Label Job] INFO  o.e.m.c.i.e.AbstractTransferListenerAdapter - Downloading https://repo.maven.apache.org/maven2/org/hibernate/hibernate-core/3.6.8.Final/hibernate-core-3.6.8.Final-sources.jar
2022-12-05 14:13:11,277 [Worker-35: Debug Source Lookup] INFO  o.e.m.c.i.e.AbstractTransferListenerAdapter - Downloading https://repo.maven.apache.org/maven2/org/hibernate/hibernate-core/3.6.8.Final/hibernate-core-3.6.8.Final-sources.jar
2022-12-05 14:13:11,813 [Worker-39: Label Job] INFO  o.e.m.c.i.e.AbstractTransferListenerAdapter - Downloaded https://repo.maven.apache.org/maven2/org/hibernate/hibernate-core/3.6.8.Final/hibernate-core-3.6.8.Final-sources.jar
2022-12-05 14:13:12,150 [Worker-35: Debug Source Lookup] INFO  o.e.m.c.i.e.AbstractTransferListenerAdapter - Downloaded https://repo.maven.apache.org/maven2/org/hibernate/hibernate-core/3.6.8.Final/hibernate-core-3.6.8.Final-sources.jar
